<?xml version="1.0" encoding="UTF-8" ?>
<testsuite tests="5" failures="0" name="Junit.JUnitTest" time="0.005" errors="0" skipped="0">
  <properties>
[...]
</properties>
  <testcase classname="Junit.JUnitTest" name="testCalculadora" time="0.004"/>
  <testcase classname="Junit.JUnitTest" name="testCalculadoraSumRes" time="0"/>
  <testcase classname="Junit.JUnitTest" name="testMain" time="0"/>
  <testcase classname="Junit.JUnitTest" name="testDivisionnumeros" time="0.001"/>
  <testcase classname="Junit.JUnitTest" name="testEsmayoromenor" time="0"/>
</testsuite>