<?xml version="1.0" encoding="UTF-8" ?>
<testsuite errors="0" failures="0" hostname="SALA02-05" name="pruebajunit.ClaseMetodosTest" skipped="0" tests="4" time="0.19" timestamp="2022-05-04T08:54:23">
  <properties>
[...]
</properties>
  <testcase classname="pruebajunit.ClaseMetodosTest" name="testPares" time="0.001" />
  <testcase classname="pruebajunit.ClaseMetodosTest" name="testSumaNelementos" time="0.0" />
  <testcase classname="pruebajunit.ClaseMetodosTest" name="testInvertir" time="0.0" />
  <testcase classname="pruebajunit.ClaseMetodosTest" name="testPotencia" time="0.018" />
  <system-out><![CDATA[pares
La suma de las posiciones pares es: 30
sumaNelementos
invertir
100 99 88 77 66 55 44 33 22 11 potencia
]]></system-out>
  <system-err><![CDATA[]]></system-err>
</testsuite>
